running egg_info
writing ../../build/cgsr1_pkg/cgsr1_pkg.egg-info/PKG-INFO
writing dependency_links to ../../build/cgsr1_pkg/cgsr1_pkg.egg-info/dependency_links.txt
writing entry points to ../../build/cgsr1_pkg/cgsr1_pkg.egg-info/entry_points.txt
writing requirements to ../../build/cgsr1_pkg/cgsr1_pkg.egg-info/requires.txt
writing top-level names to ../../build/cgsr1_pkg/cgsr1_pkg.egg-info/top_level.txt
reading manifest file '../../build/cgsr1_pkg/cgsr1_pkg.egg-info/SOURCES.txt'
writing manifest file '../../build/cgsr1_pkg/cgsr1_pkg.egg-info/SOURCES.txt'
running build
running build_py
creating /home/snowlar/snowlar_ws_v1/build/cgsr1_pkg/build/lib/cgsr1_pkg
copying cgsr1_pkg/web_interface.py -> /home/snowlar/snowlar_ws_v1/build/cgsr1_pkg/build/lib/cgsr1_pkg
copying cgsr1_pkg/test_flask.py -> /home/snowlar/snowlar_ws_v1/build/cgsr1_pkg/build/lib/cgsr1_pkg
copying cgsr1_pkg/imutobase.py -> /home/snowlar/snowlar_ws_v1/build/cgsr1_pkg/build/lib/cgsr1_pkg
copying cgsr1_pkg/basecontrol.py -> /home/snowlar/snowlar_ws_v1/build/cgsr1_pkg/build/lib/cgsr1_pkg
copying cgsr1_pkg/joytobase.py -> /home/snowlar/snowlar_ws_v1/build/cgsr1_pkg/build/lib/cgsr1_pkg
copying cgsr1_pkg/__init__.py -> /home/snowlar/snowlar_ws_v1/build/cgsr1_pkg/build/lib/cgsr1_pkg
running install
running install_lib
creating /home/snowlar/snowlar_ws_v1/install/cgsr1_pkg/lib/python3.10/site-packages/cgsr1_pkg
copying /home/snowlar/snowlar_ws_v1/build/cgsr1_pkg/build/lib/cgsr1_pkg/web_interface.py -> /home/snowlar/snowlar_ws_v1/install/cgsr1_pkg/lib/python3.10/site-packages/cgsr1_pkg
copying /home/snowlar/snowlar_ws_v1/build/cgsr1_pkg/build/lib/cgsr1_pkg/test_flask.py -> /home/snowlar/snowlar_ws_v1/install/cgsr1_pkg/lib/python3.10/site-packages/cgsr1_pkg
copying /home/snowlar/snowlar_ws_v1/build/cgsr1_pkg/build/lib/cgsr1_pkg/imutobase.py -> /home/snowlar/snowlar_ws_v1/install/cgsr1_pkg/lib/python3.10/site-packages/cgsr1_pkg
copying /home/snowlar/snowlar_ws_v1/build/cgsr1_pkg/build/lib/cgsr1_pkg/basecontrol.py -> /home/snowlar/snowlar_ws_v1/install/cgsr1_pkg/lib/python3.10/site-packages/cgsr1_pkg
copying /home/snowlar/snowlar_ws_v1/build/cgsr1_pkg/build/lib/cgsr1_pkg/joytobase.py -> /home/snowlar/snowlar_ws_v1/install/cgsr1_pkg/lib/python3.10/site-packages/cgsr1_pkg
copying /home/snowlar/snowlar_ws_v1/build/cgsr1_pkg/build/lib/cgsr1_pkg/__init__.py -> /home/snowlar/snowlar_ws_v1/install/cgsr1_pkg/lib/python3.10/site-packages/cgsr1_pkg
byte-compiling /home/snowlar/snowlar_ws_v1/install/cgsr1_pkg/lib/python3.10/site-packages/cgsr1_pkg/web_interface.py to web_interface.cpython-310.pyc
byte-compiling /home/snowlar/snowlar_ws_v1/install/cgsr1_pkg/lib/python3.10/site-packages/cgsr1_pkg/test_flask.py to test_flask.cpython-310.pyc
byte-compiling /home/snowlar/snowlar_ws_v1/install/cgsr1_pkg/lib/python3.10/site-packages/cgsr1_pkg/imutobase.py to imutobase.cpython-310.pyc
byte-compiling /home/snowlar/snowlar_ws_v1/install/cgsr1_pkg/lib/python3.10/site-packages/cgsr1_pkg/basecontrol.py to basecontrol.cpython-310.pyc
byte-compiling /home/snowlar/snowlar_ws_v1/install/cgsr1_pkg/lib/python3.10/site-packages/cgsr1_pkg/joytobase.py to joytobase.cpython-310.pyc
byte-compiling /home/snowlar/snowlar_ws_v1/install/cgsr1_pkg/lib/python3.10/site-packages/cgsr1_pkg/__init__.py to __init__.cpython-310.pyc
running install_data
copying resource/cgsr1_pkg -> /home/snowlar/snowlar_ws_v1/install/cgsr1_pkg/share/ament_index/resource_index/packages
copying package.xml -> /home/snowlar/snowlar_ws_v1/install/cgsr1_pkg/share/cgsr1_pkg
running install_egg_info
Copying ../../build/cgsr1_pkg/cgsr1_pkg.egg-info to /home/snowlar/snowlar_ws_v1/install/cgsr1_pkg/lib/python3.10/site-packages/cgsr1_pkg-0.0.0-py3.10.egg-info
running install_scripts
Installing imu_steering script to /home/snowlar/snowlar_ws_v1/install/cgsr1_pkg/lib/cgsr1_pkg
Installing joy_steering script to /home/snowlar/snowlar_ws_v1/install/cgsr1_pkg/lib/cgsr1_pkg
Installing tank_motion script to /home/snowlar/snowlar_ws_v1/install/cgsr1_pkg/lib/cgsr1_pkg
Installing web_interface script to /home/snowlar/snowlar_ws_v1/install/cgsr1_pkg/lib/cgsr1_pkg
writing list of installed files to '/home/snowlar/snowlar_ws_v1/build/cgsr1_pkg/install.log'
