[0.398s] Invoking command in '/home/snowlar/snowlar_ws_v1/src/cgsr1_pkg': PYTHONPATH=/home/snowlar/snowlar_ws_v1/build/cgsr1_pkg/prefix_override:/home/snowlar/snowlar_ws_v1/install/cgsr1_pkg/lib/python3.10/site-packages:${PYTHONPATH} /usr/bin/python3 -W ignore:setup.py install is deprecated setup.py egg_info --egg-base ../../build/cgsr1_pkg build --build-base /home/snowlar/snowlar_ws_v1/build/cgsr1_pkg/build install --record /home/snowlar/snowlar_ws_v1/build/cgsr1_pkg/install.log --single-version-externally-managed install_data
[0.552s] running egg_info
[0.553s] writing ../../build/cgsr1_pkg/cgsr1_pkg.egg-info/PKG-INFO
[0.553s] writing dependency_links to ../../build/cgsr1_pkg/cgsr1_pkg.egg-info/dependency_links.txt
[0.553s] writing entry points to ../../build/cgsr1_pkg/cgsr1_pkg.egg-info/entry_points.txt
[0.553s] writing requirements to ../../build/cgsr1_pkg/cgsr1_pkg.egg-info/requires.txt
[0.553s] writing top-level names to ../../build/cgsr1_pkg/cgsr1_pkg.egg-info/top_level.txt
[0.554s] reading manifest file '../../build/cgsr1_pkg/cgsr1_pkg.egg-info/SOURCES.txt'
[0.555s] writing manifest file '../../build/cgsr1_pkg/cgsr1_pkg.egg-info/SOURCES.txt'
[0.555s] running build
[0.555s] running build_py
[0.555s] creating /home/snowlar/snowlar_ws_v1/build/cgsr1_pkg/build/lib/cgsr1_pkg
[0.555s] copying cgsr1_pkg/web_interface.py -> /home/snowlar/snowlar_ws_v1/build/cgsr1_pkg/build/lib/cgsr1_pkg
[0.556s] copying cgsr1_pkg/test_flask.py -> /home/snowlar/snowlar_ws_v1/build/cgsr1_pkg/build/lib/cgsr1_pkg
[0.556s] copying cgsr1_pkg/imutobase.py -> /home/snowlar/snowlar_ws_v1/build/cgsr1_pkg/build/lib/cgsr1_pkg
[0.556s] copying cgsr1_pkg/basecontrol.py -> /home/snowlar/snowlar_ws_v1/build/cgsr1_pkg/build/lib/cgsr1_pkg
[0.556s] copying cgsr1_pkg/joytobase.py -> /home/snowlar/snowlar_ws_v1/build/cgsr1_pkg/build/lib/cgsr1_pkg
[0.556s] copying cgsr1_pkg/__init__.py -> /home/snowlar/snowlar_ws_v1/build/cgsr1_pkg/build/lib/cgsr1_pkg
[0.556s] running install
[0.556s] running install_lib
[0.556s] creating /home/snowlar/snowlar_ws_v1/install/cgsr1_pkg/lib/python3.10/site-packages/cgsr1_pkg
[0.556s] copying /home/snowlar/snowlar_ws_v1/build/cgsr1_pkg/build/lib/cgsr1_pkg/web_interface.py -> /home/snowlar/snowlar_ws_v1/install/cgsr1_pkg/lib/python3.10/site-packages/cgsr1_pkg
[0.556s] copying /home/snowlar/snowlar_ws_v1/build/cgsr1_pkg/build/lib/cgsr1_pkg/test_flask.py -> /home/snowlar/snowlar_ws_v1/install/cgsr1_pkg/lib/python3.10/site-packages/cgsr1_pkg
[0.557s] copying /home/snowlar/snowlar_ws_v1/build/cgsr1_pkg/build/lib/cgsr1_pkg/imutobase.py -> /home/snowlar/snowlar_ws_v1/install/cgsr1_pkg/lib/python3.10/site-packages/cgsr1_pkg
[0.557s] copying /home/snowlar/snowlar_ws_v1/build/cgsr1_pkg/build/lib/cgsr1_pkg/basecontrol.py -> /home/snowlar/snowlar_ws_v1/install/cgsr1_pkg/lib/python3.10/site-packages/cgsr1_pkg
[0.557s] copying /home/snowlar/snowlar_ws_v1/build/cgsr1_pkg/build/lib/cgsr1_pkg/joytobase.py -> /home/snowlar/snowlar_ws_v1/install/cgsr1_pkg/lib/python3.10/site-packages/cgsr1_pkg
[0.557s] copying /home/snowlar/snowlar_ws_v1/build/cgsr1_pkg/build/lib/cgsr1_pkg/__init__.py -> /home/snowlar/snowlar_ws_v1/install/cgsr1_pkg/lib/python3.10/site-packages/cgsr1_pkg
[0.557s] byte-compiling /home/snowlar/snowlar_ws_v1/install/cgsr1_pkg/lib/python3.10/site-packages/cgsr1_pkg/web_interface.py to web_interface.cpython-310.pyc
[0.557s] byte-compiling /home/snowlar/snowlar_ws_v1/install/cgsr1_pkg/lib/python3.10/site-packages/cgsr1_pkg/test_flask.py to test_flask.cpython-310.pyc
[0.558s] byte-compiling /home/snowlar/snowlar_ws_v1/install/cgsr1_pkg/lib/python3.10/site-packages/cgsr1_pkg/imutobase.py to imutobase.cpython-310.pyc
[0.558s] byte-compiling /home/snowlar/snowlar_ws_v1/install/cgsr1_pkg/lib/python3.10/site-packages/cgsr1_pkg/basecontrol.py to basecontrol.cpython-310.pyc
[0.559s] byte-compiling /home/snowlar/snowlar_ws_v1/install/cgsr1_pkg/lib/python3.10/site-packages/cgsr1_pkg/joytobase.py to joytobase.cpython-310.pyc
[0.559s] byte-compiling /home/snowlar/snowlar_ws_v1/install/cgsr1_pkg/lib/python3.10/site-packages/cgsr1_pkg/__init__.py to __init__.cpython-310.pyc
[0.559s] running install_data
[0.559s] copying resource/cgsr1_pkg -> /home/snowlar/snowlar_ws_v1/install/cgsr1_pkg/share/ament_index/resource_index/packages
[0.559s] copying package.xml -> /home/snowlar/snowlar_ws_v1/install/cgsr1_pkg/share/cgsr1_pkg
[0.559s] running install_egg_info
[0.561s] Copying ../../build/cgsr1_pkg/cgsr1_pkg.egg-info to /home/snowlar/snowlar_ws_v1/install/cgsr1_pkg/lib/python3.10/site-packages/cgsr1_pkg-0.0.0-py3.10.egg-info
[0.561s] running install_scripts
[0.575s] Installing imu_steering script to /home/snowlar/snowlar_ws_v1/install/cgsr1_pkg/lib/cgsr1_pkg
[0.575s] Installing joy_steering script to /home/snowlar/snowlar_ws_v1/install/cgsr1_pkg/lib/cgsr1_pkg
[0.575s] Installing tank_motion script to /home/snowlar/snowlar_ws_v1/install/cgsr1_pkg/lib/cgsr1_pkg
[0.575s] Installing web_interface script to /home/snowlar/snowlar_ws_v1/install/cgsr1_pkg/lib/cgsr1_pkg
[0.575s] writing list of installed files to '/home/snowlar/snowlar_ws_v1/build/cgsr1_pkg/install.log'
[0.592s] Invoked command in '/home/snowlar/snowlar_ws_v1/src/cgsr1_pkg' returned '0': PYTHONPATH=/home/snowlar/snowlar_ws_v1/build/cgsr1_pkg/prefix_override:/home/snowlar/snowlar_ws_v1/install/cgsr1_pkg/lib/python3.10/site-packages:${PYTHONPATH} /usr/bin/python3 -W ignore:setup.py install is deprecated setup.py egg_info --egg-base ../../build/cgsr1_pkg build --build-base /home/snowlar/snowlar_ws_v1/build/cgsr1_pkg/build install --record /home/snowlar/snowlar_ws_v1/build/cgsr1_pkg/install.log --single-version-externally-managed install_data
