[0.589s] Invoking command in '/home/snowlar/SNOWLAR/src/cgsr1_pkg': PYTHONPATH=/home/snowlar/SNOWLAR/build/cgsr1_pkg/prefix_override:/home/snowlar/SNOWLAR/install/cgsr1_pkg/lib/python3.10/site-packages:${PYTHONPATH} /usr/bin/python3 -W ignore:setup.py install is deprecated setup.py egg_info --egg-base ../../build/cgsr1_pkg build --build-base /home/snowlar/SNOWLAR/build/cgsr1_pkg/build install --record /home/snowlar/SNOWLAR/build/cgsr1_pkg/install.log --single-version-externally-managed install_data
[0.828s] running egg_info
[0.829s] writing ../../build/cgsr1_pkg/cgsr1_pkg.egg-info/PKG-INFO
[0.829s] writing dependency_links to ../../build/cgsr1_pkg/cgsr1_pkg.egg-info/dependency_links.txt
[0.829s] writing entry points to ../../build/cgsr1_pkg/cgsr1_pkg.egg-info/entry_points.txt
[0.829s] writing requirements to ../../build/cgsr1_pkg/cgsr1_pkg.egg-info/requires.txt
[0.829s] writing top-level names to ../../build/cgsr1_pkg/cgsr1_pkg.egg-info/top_level.txt
[0.831s] reading manifest file '../../build/cgsr1_pkg/cgsr1_pkg.egg-info/SOURCES.txt'
[0.833s] writing manifest file '../../build/cgsr1_pkg/cgsr1_pkg.egg-info/SOURCES.txt'
[0.833s] running build
[0.833s] running build_py
[0.834s] copying cgsr1_pkg/computation.py -> /home/snowlar/SNOWLAR/build/cgsr1_pkg/build/lib/cgsr1_pkg
[0.835s] running install
[0.835s] running install_lib
[0.837s] copying /home/snowlar/SNOWLAR/build/cgsr1_pkg/build/lib/cgsr1_pkg/computation.py -> /home/snowlar/SNOWLAR/install/cgsr1_pkg/lib/python3.10/site-packages/cgsr1_pkg
[0.839s] byte-compiling /home/snowlar/SNOWLAR/install/cgsr1_pkg/lib/python3.10/site-packages/cgsr1_pkg/computation.py to computation.cpython-310.pyc
[0.841s] running install_data
[0.841s] running install_egg_info
[0.843s] removing '/home/snowlar/SNOWLAR/install/cgsr1_pkg/lib/python3.10/site-packages/cgsr1_pkg-0.0.0-py3.10.egg-info' (and everything under it)
[0.844s] Copying ../../build/cgsr1_pkg/cgsr1_pkg.egg-info to /home/snowlar/SNOWLAR/install/cgsr1_pkg/lib/python3.10/site-packages/cgsr1_pkg-0.0.0-py3.10.egg-info
[0.845s] running install_scripts
[0.865s] Installing automation script to /home/snowlar/SNOWLAR/install/cgsr1_pkg/lib/cgsr1_pkg
[0.866s] Installing calibration script to /home/snowlar/SNOWLAR/install/cgsr1_pkg/lib/cgsr1_pkg
[0.866s] Installing computation script to /home/snowlar/SNOWLAR/install/cgsr1_pkg/lib/cgsr1_pkg
[0.866s] Installing dummy_publisher script to /home/snowlar/SNOWLAR/install/cgsr1_pkg/lib/cgsr1_pkg
[0.866s] Installing imu_control script to /home/snowlar/SNOWLAR/install/cgsr1_pkg/lib/cgsr1_pkg
[0.867s] Installing imu_steering script to /home/snowlar/SNOWLAR/install/cgsr1_pkg/lib/cgsr1_pkg
[0.867s] Installing joy_steering script to /home/snowlar/SNOWLAR/install/cgsr1_pkg/lib/cgsr1_pkg
[0.867s] Installing straight_motion script to /home/snowlar/SNOWLAR/install/cgsr1_pkg/lib/cgsr1_pkg
[0.867s] Installing tank_motion script to /home/snowlar/SNOWLAR/install/cgsr1_pkg/lib/cgsr1_pkg
[0.867s] Installing web_interface script to /home/snowlar/SNOWLAR/install/cgsr1_pkg/lib/cgsr1_pkg
[0.867s] Installing winch_feedback script to /home/snowlar/SNOWLAR/install/cgsr1_pkg/lib/cgsr1_pkg
[0.868s] Installing winch_motion script to /home/snowlar/SNOWLAR/install/cgsr1_pkg/lib/cgsr1_pkg
[0.869s] writing list of installed files to '/home/snowlar/SNOWLAR/build/cgsr1_pkg/install.log'
[0.890s] Invoked command in '/home/snowlar/SNOWLAR/src/cgsr1_pkg' returned '0': PYTHONPATH=/home/snowlar/SNOWLAR/build/cgsr1_pkg/prefix_override:/home/snowlar/SNOWLAR/install/cgsr1_pkg/lib/python3.10/site-packages:${PYTHONPATH} /usr/bin/python3 -W ignore:setup.py install is deprecated setup.py egg_info --egg-base ../../build/cgsr1_pkg build --build-base /home/snowlar/SNOWLAR/build/cgsr1_pkg/build install --record /home/snowlar/SNOWLAR/build/cgsr1_pkg/install.log --single-version-externally-managed install_data
