[0.449s] Invoking command in '/home/snowlar/ros2_ws/src/my_python_pkg': PYTHONPATH=/home/snowlar/ros2_ws/build/my_python_pkg/prefix_override:/home/snowlar/ros2_ws/install/my_python_pkg/lib/python3.10/site-packages:${PYTHONPATH} /usr/bin/python3 -W ignore:setup.py install is deprecated setup.py egg_info --egg-base ../../build/my_python_pkg build --build-base /home/snowlar/ros2_ws/build/my_python_pkg/build install --record /home/snowlar/ros2_ws/build/my_python_pkg/install.log --single-version-externally-managed install_data
[0.599s] running egg_info
[0.600s] writing ../../build/my_python_pkg/my_python_pkg.egg-info/PKG-INFO
[0.601s] writing dependency_links to ../../build/my_python_pkg/my_python_pkg.egg-info/dependency_links.txt
[0.601s] writing entry points to ../../build/my_python_pkg/my_python_pkg.egg-info/entry_points.txt
[0.601s] writing requirements to ../../build/my_python_pkg/my_python_pkg.egg-info/requires.txt
[0.601s] writing top-level names to ../../build/my_python_pkg/my_python_pkg.egg-info/top_level.txt
[0.603s] reading manifest file '../../build/my_python_pkg/my_python_pkg.egg-info/SOURCES.txt'
[0.604s] writing manifest file '../../build/my_python_pkg/my_python_pkg.egg-info/SOURCES.txt'
[0.604s] running build
[0.604s] running build_py
[0.604s] copying my_python_pkg/imutobase.py -> /home/snowlar/ros2_ws/build/my_python_pkg/build/lib/my_python_pkg
[0.604s] running install
[0.605s] running install_lib
[0.605s] copying /home/snowlar/ros2_ws/build/my_python_pkg/build/lib/my_python_pkg/imutobase.py -> /home/snowlar/ros2_ws/install/my_python_pkg/lib/python3.10/site-packages/my_python_pkg
[0.606s] byte-compiling /home/snowlar/ros2_ws/install/my_python_pkg/lib/python3.10/site-packages/my_python_pkg/imutobase.py to imutobase.cpython-310.pyc
[0.606s] running install_data
[0.606s] running install_egg_info
[0.608s] removing '/home/snowlar/ros2_ws/install/my_python_pkg/lib/python3.10/site-packages/my_python_pkg-0.0.0-py3.10.egg-info' (and everything under it)
[0.608s] Copying ../../build/my_python_pkg/my_python_pkg.egg-info to /home/snowlar/ros2_ws/install/my_python_pkg/lib/python3.10/site-packages/my_python_pkg-0.0.0-py3.10.egg-info
[0.608s] running install_scripts
[0.624s] Installing imu_node script to /home/snowlar/ros2_ws/install/my_python_pkg/lib/my_python_pkg
[0.624s] Installing joy_to_cmd_vel_and_servo script to /home/snowlar/ros2_ws/install/my_python_pkg/lib/my_python_pkg
[0.624s] Installing main_node script to /home/snowlar/ros2_ws/install/my_python_pkg/lib/my_python_pkg
[0.624s] writing list of installed files to '/home/snowlar/ros2_ws/build/my_python_pkg/install.log'
[0.643s] Invoked command in '/home/snowlar/ros2_ws/src/my_python_pkg' returned '0': PYTHONPATH=/home/snowlar/ros2_ws/build/my_python_pkg/prefix_override:/home/snowlar/ros2_ws/install/my_python_pkg/lib/python3.10/site-packages:${PYTHONPATH} /usr/bin/python3 -W ignore:setup.py install is deprecated setup.py egg_info --egg-base ../../build/my_python_pkg build --build-base /home/snowlar/ros2_ws/build/my_python_pkg/build install --record /home/snowlar/ros2_ws/build/my_python_pkg/install.log --single-version-externally-managed install_data
