[0.890s] Invoking command in '/home/snowlar/SNOWLAR/src/cgsr1_pkg': PYTHONPATH=/home/snowlar/SNOWLAR/build/cgsr1_pkg/prefix_override:/home/snowlar/SNOWLAR/install/cgsr1_pkg/lib/python3.10/site-packages:${PYTHONPATH} /usr/bin/python3 -W ignore:setup.py install is deprecated setup.py egg_info --egg-base ../../build/cgsr1_pkg build --build-base /home/snowlar/SNOWLAR/build/cgsr1_pkg/build install --record /home/snowlar/SNOWLAR/build/cgsr1_pkg/install.log --single-version-externally-managed install_data
[1.263s] running egg_info
[1.263s] writing ../../build/cgsr1_pkg/cgsr1_pkg.egg-info/PKG-INFO
[1.263s] writing dependency_links to ../../build/cgsr1_pkg/cgsr1_pkg.egg-info/dependency_links.txt
[1.264s] writing entry points to ../../build/cgsr1_pkg/cgsr1_pkg.egg-info/entry_points.txt
[1.264s] writing requirements to ../../build/cgsr1_pkg/cgsr1_pkg.egg-info/requires.txt
[1.264s] writing top-level names to ../../build/cgsr1_pkg/cgsr1_pkg.egg-info/top_level.txt
[1.267s] reading manifest file '../../build/cgsr1_pkg/cgsr1_pkg.egg-info/SOURCES.txt'
[1.269s] writing manifest file '../../build/cgsr1_pkg/cgsr1_pkg.egg-info/SOURCES.txt'
[1.269s] running build
[1.269s] running build_py
[1.271s] running install
[1.271s] running install_lib
[1.275s] running install_data
[1.275s] running install_egg_info
[1.277s] removing '/home/snowlar/SNOWLAR/install/cgsr1_pkg/lib/python3.10/site-packages/cgsr1_pkg-0.0.0-py3.10.egg-info' (and everything under it)
[1.277s] Copying ../../build/cgsr1_pkg/cgsr1_pkg.egg-info to /home/snowlar/SNOWLAR/install/cgsr1_pkg/lib/python3.10/site-packages/cgsr1_pkg-0.0.0-py3.10.egg-info
[1.278s] running install_scripts
[1.311s] Installing automation script to /home/snowlar/SNOWLAR/install/cgsr1_pkg/lib/cgsr1_pkg
[1.312s] Installing basecontrol script to /home/snowlar/SNOWLAR/install/cgsr1_pkg/lib/cgsr1_pkg
[1.312s] Installing brushtest script to /home/snowlar/SNOWLAR/install/cgsr1_pkg/lib/cgsr1_pkg
[1.312s] Installing calibration script to /home/snowlar/SNOWLAR/install/cgsr1_pkg/lib/cgsr1_pkg
[1.312s] Installing cameraapriltag script to /home/snowlar/SNOWLAR/install/cgsr1_pkg/lib/cgsr1_pkg
[1.313s] Installing computation script to /home/snowlar/SNOWLAR/install/cgsr1_pkg/lib/cgsr1_pkg
[1.313s] Installing dummy_publisher script to /home/snowlar/SNOWLAR/install/cgsr1_pkg/lib/cgsr1_pkg
[1.313s] Installing imucontrol script to /home/snowlar/SNOWLAR/install/cgsr1_pkg/lib/cgsr1_pkg
[1.313s] Installing imutobase script to /home/snowlar/SNOWLAR/install/cgsr1_pkg/lib/cgsr1_pkg
[1.313s] Installing joytobase script to /home/snowlar/SNOWLAR/install/cgsr1_pkg/lib/cgsr1_pkg
[1.314s] Installing linus_automation script to /home/snowlar/SNOWLAR/install/cgsr1_pkg/lib/cgsr1_pkg
[1.314s] Installing straight_motion script to /home/snowlar/SNOWLAR/install/cgsr1_pkg/lib/cgsr1_pkg
[1.314s] Installing web_interface script to /home/snowlar/SNOWLAR/install/cgsr1_pkg/lib/cgsr1_pkg
[1.314s] Installing winch_feedback script to /home/snowlar/SNOWLAR/install/cgsr1_pkg/lib/cgsr1_pkg
[1.314s] Installing winchcontrol script to /home/snowlar/SNOWLAR/install/cgsr1_pkg/lib/cgsr1_pkg
[1.314s] writing list of installed files to '/home/snowlar/SNOWLAR/build/cgsr1_pkg/install.log'
[1.341s] Invoked command in '/home/snowlar/SNOWLAR/src/cgsr1_pkg' returned '0': PYTHONPATH=/home/snowlar/SNOWLAR/build/cgsr1_pkg/prefix_override:/home/snowlar/SNOWLAR/install/cgsr1_pkg/lib/python3.10/site-packages:${PYTHONPATH} /usr/bin/python3 -W ignore:setup.py install is deprecated setup.py egg_info --egg-base ../../build/cgsr1_pkg build --build-base /home/snowlar/SNOWLAR/build/cgsr1_pkg/build install --record /home/snowlar/SNOWLAR/build/cgsr1_pkg/install.log --single-version-externally-managed install_data
