[0.416s] Invoking command in '/home/snowlar/snowlar_ws/snowlar/src/cgsr1_pkg': PYTHONPATH=/home/snowlar/snowlar_ws/snowlar/build/cgsr1_pkg/prefix_override:/home/snowlar/snowlar_ws/snowlar/install/cgsr1_pkg/lib/python3.10/site-packages:${PYTHONPATH} /usr/bin/python3 -W ignore:setup.py install is deprecated setup.py egg_info --egg-base ../../build/cgsr1_pkg build --build-base /home/snowlar/snowlar_ws/snowlar/build/cgsr1_pkg/build install --record /home/snowlar/snowlar_ws/snowlar/build/cgsr1_pkg/install.log --single-version-externally-managed install_data
[0.577s] running egg_info
[0.577s] writing ../../build/cgsr1_pkg/cgsr1_pkg.egg-info/PKG-INFO
[0.577s] writing dependency_links to ../../build/cgsr1_pkg/cgsr1_pkg.egg-info/dependency_links.txt
[0.577s] writing entry points to ../../build/cgsr1_pkg/cgsr1_pkg.egg-info/entry_points.txt
[0.578s] writing requirements to ../../build/cgsr1_pkg/cgsr1_pkg.egg-info/requires.txt
[0.578s] writing top-level names to ../../build/cgsr1_pkg/cgsr1_pkg.egg-info/top_level.txt
[0.579s] reading manifest file '../../build/cgsr1_pkg/cgsr1_pkg.egg-info/SOURCES.txt'
[0.579s] writing manifest file '../../build/cgsr1_pkg/cgsr1_pkg.egg-info/SOURCES.txt'
[0.579s] running build
[0.579s] running build_py
[0.580s] running install
[0.580s] running install_lib
[0.582s] running install_data
[0.582s] running install_egg_info
[0.584s] removing '/home/snowlar/snowlar_ws/snowlar/install/cgsr1_pkg/lib/python3.10/site-packages/cgsr1_pkg-0.0.0-py3.10.egg-info' (and everything under it)
[0.584s] Copying ../../build/cgsr1_pkg/cgsr1_pkg.egg-info to /home/snowlar/snowlar_ws/snowlar/install/cgsr1_pkg/lib/python3.10/site-packages/cgsr1_pkg-0.0.0-py3.10.egg-info
[0.585s] running install_scripts
[0.598s] Installing imu_steering script to /home/snowlar/snowlar_ws/snowlar/install/cgsr1_pkg/lib/cgsr1_pkg
[0.598s] Installing joy_steering script to /home/snowlar/snowlar_ws/snowlar/install/cgsr1_pkg/lib/cgsr1_pkg
[0.598s] Installing tank_motion script to /home/snowlar/snowlar_ws/snowlar/install/cgsr1_pkg/lib/cgsr1_pkg
[0.598s] Installing web_interface script to /home/snowlar/snowlar_ws/snowlar/install/cgsr1_pkg/lib/cgsr1_pkg
[0.598s] writing list of installed files to '/home/snowlar/snowlar_ws/snowlar/build/cgsr1_pkg/install.log'
[0.615s] Invoked command in '/home/snowlar/snowlar_ws/snowlar/src/cgsr1_pkg' returned '0': PYTHONPATH=/home/snowlar/snowlar_ws/snowlar/build/cgsr1_pkg/prefix_override:/home/snowlar/snowlar_ws/snowlar/install/cgsr1_pkg/lib/python3.10/site-packages:${PYTHONPATH} /usr/bin/python3 -W ignore:setup.py install is deprecated setup.py egg_info --egg-base ../../build/cgsr1_pkg build --build-base /home/snowlar/snowlar_ws/snowlar/build/cgsr1_pkg/build install --record /home/snowlar/snowlar_ws/snowlar/build/cgsr1_pkg/install.log --single-version-externally-managed install_data
