[0.194s] DEBUG:colcon:Command line arguments: ['/usr/bin/colcon', 'build']
[0.194s] DEBUG:colcon:Parsed command line arguments: Namespace(log_base=None, log_level=None, verb_name='build', build_base='build', install_base='install', merge_install=False, symlink_install=False, test_result_base=None, continue_on_error=False, executor='parallel', parallel_workers=8, event_handlers=None, ignore_user_meta=False, metas=['./colcon.meta'], base_paths=['.'], packages_ignore=None, packages_ignore_regex=None, paths=None, packages_up_to=None, packages_up_to_regex=None, packages_above=None, packages_above_and_dependencies=None, packages_above_depth=None, packages_select_by_dep=None, packages_skip_by_dep=None, packages_skip_up_to=None, packages_select_build_failed=False, packages_skip_build_finished=False, packages_select_test_failures=False, packages_skip_test_passed=False, packages_select=None, packages_skip=None, packages_select_regex=None, packages_skip_regex=None, packages_start=None, packages_end=None, allow_overriding=[], cmake_args=None, cmake_target=None, cmake_target_skip_unavailable=False, cmake_clean_cache=False, cmake_clean_first=False, cmake_force_configure=False, ament_cmake_args=None, catkin_cmake_args=None, catkin_skip_building_tests=False, verb_parser=<colcon_defaults.argument_parser.defaults.DefaultArgumentsDecorator object at 0x7af059934520>, verb_extension=<colcon_core.verb.build.BuildVerb object at 0x7af059afbf10>, main=<bound method BuildVerb.main of <colcon_core.verb.build.BuildVerb object at 0x7af059afbf10>>)
[0.516s] Level 1:colcon.colcon_core.package_discovery:discover_packages(colcon_meta) check parameters
[0.516s] Level 1:colcon.colcon_core.package_discovery:discover_packages(recursive) check parameters
[0.516s] Level 1:colcon.colcon_core.package_discovery:discover_packages(ignore) check parameters
[0.516s] Level 1:colcon.colcon_core.package_discovery:discover_packages(path) check parameters
[0.516s] Level 1:colcon.colcon_core.package_discovery:discover_packages(colcon_meta) discover
[0.516s] Level 1:colcon.colcon_core.package_discovery:discover_packages(recursive) discover
[0.516s] INFO:colcon.colcon_core.package_discovery:Crawling recursively for packages in '/home/snowlar/SNOWLAR'
[0.516s] Level 1:colcon.colcon_core.package_identification:_identify(.) by extensions ['ignore', 'ignore_ament_install']
[0.517s] Level 1:colcon.colcon_core.package_identification:_identify(.) by extension 'ignore'
[0.517s] Level 1:colcon.colcon_core.package_identification:_identify(.) by extension 'ignore_ament_install'
[0.517s] Level 1:colcon.colcon_core.package_identification:_identify(.) by extensions ['colcon_pkg']
[0.517s] Level 1:colcon.colcon_core.package_identification:_identify(.) by extension 'colcon_pkg'
[0.517s] Level 1:colcon.colcon_core.package_identification:_identify(.) by extensions ['colcon_meta']
[0.517s] Level 1:colcon.colcon_core.package_identification:_identify(.) by extension 'colcon_meta'
[0.517s] Level 1:colcon.colcon_core.package_identification:_identify(.) by extensions ['ros']
[0.517s] Level 1:colcon.colcon_core.package_identification:_identify(.) by extension 'ros'
[0.538s] Level 1:colcon.colcon_core.package_identification:_identify(.) by extensions ['cmake', 'python']
[0.538s] Level 1:colcon.colcon_core.package_identification:_identify(.) by extension 'cmake'
[0.538s] Level 1:colcon.colcon_core.package_identification:_identify(.) by extension 'python'
[0.538s] Level 1:colcon.colcon_core.package_identification:_identify(.) by extensions ['python_setup_py']
[0.538s] Level 1:colcon.colcon_core.package_identification:_identify(.) by extension 'python_setup_py'
[0.538s] Level 1:colcon.colcon_core.package_identification:_identify(build) by extensions ['ignore', 'ignore_ament_install']
[0.539s] Level 1:colcon.colcon_core.package_identification:_identify(build) by extension 'ignore'
[0.539s] Level 1:colcon.colcon_core.package_identification:_identify(build) ignored
[0.539s] Level 1:colcon.colcon_core.package_identification:_identify(docs) by extensions ['ignore', 'ignore_ament_install']
[0.539s] Level 1:colcon.colcon_core.package_identification:_identify(docs) by extension 'ignore'
[0.539s] Level 1:colcon.colcon_core.package_identification:_identify(docs) by extension 'ignore_ament_install'
[0.539s] Level 1:colcon.colcon_core.package_identification:_identify(docs) by extensions ['colcon_pkg']
[0.539s] Level 1:colcon.colcon_core.package_identification:_identify(docs) by extension 'colcon_pkg'
[0.539s] Level 1:colcon.colcon_core.package_identification:_identify(docs) by extensions ['colcon_meta']
[0.539s] Level 1:colcon.colcon_core.package_identification:_identify(docs) by extension 'colcon_meta'
[0.540s] Level 1:colcon.colcon_core.package_identification:_identify(docs) by extensions ['ros']
[0.540s] Level 1:colcon.colcon_core.package_identification:_identify(docs) by extension 'ros'
[0.540s] Level 1:colcon.colcon_core.package_identification:_identify(docs) by extensions ['cmake', 'python']
[0.540s] Level 1:colcon.colcon_core.package_identification:_identify(docs) by extension 'cmake'
[0.540s] Level 1:colcon.colcon_core.package_identification:_identify(docs) by extension 'python'
[0.540s] Level 1:colcon.colcon_core.package_identification:_identify(docs) by extensions ['python_setup_py']
[0.540s] Level 1:colcon.colcon_core.package_identification:_identify(docs) by extension 'python_setup_py'
[0.540s] Level 1:colcon.colcon_core.package_identification:_identify(docs/hardware) by extensions ['ignore', 'ignore_ament_install']
[0.540s] Level 1:colcon.colcon_core.package_identification:_identify(docs/hardware) by extension 'ignore'
[0.540s] Level 1:colcon.colcon_core.package_identification:_identify(docs/hardware) by extension 'ignore_ament_install'
[0.541s] Level 1:colcon.colcon_core.package_identification:_identify(docs/hardware) by extensions ['colcon_pkg']
[0.541s] Level 1:colcon.colcon_core.package_identification:_identify(docs/hardware) by extension 'colcon_pkg'
[0.541s] Level 1:colcon.colcon_core.package_identification:_identify(docs/hardware) by extensions ['colcon_meta']
[0.541s] Level 1:colcon.colcon_core.package_identification:_identify(docs/hardware) by extension 'colcon_meta'
[0.541s] Level 1:colcon.colcon_core.package_identification:_identify(docs/hardware) by extensions ['ros']
[0.541s] Level 1:colcon.colcon_core.package_identification:_identify(docs/hardware) by extension 'ros'
[0.541s] Level 1:colcon.colcon_core.package_identification:_identify(docs/hardware) by extensions ['cmake', 'python']
[0.541s] Level 1:colcon.colcon_core.package_identification:_identify(docs/hardware) by extension 'cmake'
[0.541s] Level 1:colcon.colcon_core.package_identification:_identify(docs/hardware) by extension 'python'
[0.541s] Level 1:colcon.colcon_core.package_identification:_identify(docs/hardware) by extensions ['python_setup_py']
[0.541s] Level 1:colcon.colcon_core.package_identification:_identify(docs/hardware) by extension 'python_setup_py'
[0.542s] Level 1:colcon.colcon_core.package_identification:_identify(docs/software) by extensions ['ignore', 'ignore_ament_install']
[0.542s] Level 1:colcon.colcon_core.package_identification:_identify(docs/software) by extension 'ignore'
[0.542s] Level 1:colcon.colcon_core.package_identification:_identify(docs/software) by extension 'ignore_ament_install'
[0.542s] Level 1:colcon.colcon_core.package_identification:_identify(docs/software) by extensions ['colcon_pkg']
[0.542s] Level 1:colcon.colcon_core.package_identification:_identify(docs/software) by extension 'colcon_pkg'
[0.542s] Level 1:colcon.colcon_core.package_identification:_identify(docs/software) by extensions ['colcon_meta']
[0.542s] Level 1:colcon.colcon_core.package_identification:_identify(docs/software) by extension 'colcon_meta'
[0.542s] Level 1:colcon.colcon_core.package_identification:_identify(docs/software) by extensions ['ros']
[0.542s] Level 1:colcon.colcon_core.package_identification:_identify(docs/software) by extension 'ros'
[0.542s] Level 1:colcon.colcon_core.package_identification:_identify(docs/software) by extensions ['cmake', 'python']
[0.542s] Level 1:colcon.colcon_core.package_identification:_identify(docs/software) by extension 'cmake'
[0.542s] Level 1:colcon.colcon_core.package_identification:_identify(docs/software) by extension 'python'
[0.543s] Level 1:colcon.colcon_core.package_identification:_identify(docs/software) by extensions ['python_setup_py']
[0.543s] Level 1:colcon.colcon_core.package_identification:_identify(docs/software) by extension 'python_setup_py'
[0.543s] Level 1:colcon.colcon_core.package_identification:_identify(install) by extensions ['ignore', 'ignore_ament_install']
[0.543s] Level 1:colcon.colcon_core.package_identification:_identify(install) by extension 'ignore'
[0.543s] Level 1:colcon.colcon_core.package_identification:_identify(install) ignored
[0.543s] Level 1:colcon.colcon_core.package_identification:_identify(log) by extensions ['ignore', 'ignore_ament_install']
[0.544s] Level 1:colcon.colcon_core.package_identification:_identify(log) by extension 'ignore'
[0.544s] Level 1:colcon.colcon_core.package_identification:_identify(log) ignored
[0.544s] Level 1:colcon.colcon_core.package_identification:_identify(src) by extensions ['ignore', 'ignore_ament_install']
[0.544s] Level 1:colcon.colcon_core.package_identification:_identify(src) by extension 'ignore'
[0.544s] Level 1:colcon.colcon_core.package_identification:_identify(src) by extension 'ignore_ament_install'
[0.544s] Level 1:colcon.colcon_core.package_identification:_identify(src) by extensions ['colcon_pkg']
[0.544s] Level 1:colcon.colcon_core.package_identification:_identify(src) by extension 'colcon_pkg'
[0.544s] Level 1:colcon.colcon_core.package_identification:_identify(src) by extensions ['colcon_meta']
[0.544s] Level 1:colcon.colcon_core.package_identification:_identify(src) by extension 'colcon_meta'
[0.544s] Level 1:colcon.colcon_core.package_identification:_identify(src) by extensions ['ros']
[0.544s] Level 1:colcon.colcon_core.package_identification:_identify(src) by extension 'ros'
[0.544s] Level 1:colcon.colcon_core.package_identification:_identify(src) by extensions ['cmake', 'python']
[0.545s] Level 1:colcon.colcon_core.package_identification:_identify(src) by extension 'cmake'
[0.545s] Level 1:colcon.colcon_core.package_identification:_identify(src) by extension 'python'
[0.545s] Level 1:colcon.colcon_core.package_identification:_identify(src) by extensions ['python_setup_py']
[0.545s] Level 1:colcon.colcon_core.package_identification:_identify(src) by extension 'python_setup_py'
[0.545s] Level 1:colcon.colcon_core.package_identification:_identify(src/cgsr1_pkg) by extensions ['ignore', 'ignore_ament_install']
[0.545s] Level 1:colcon.colcon_core.package_identification:_identify(src/cgsr1_pkg) by extension 'ignore'
[0.545s] Level 1:colcon.colcon_core.package_identification:_identify(src/cgsr1_pkg) by extension 'ignore_ament_install'
[0.545s] Level 1:colcon.colcon_core.package_identification:_identify(src/cgsr1_pkg) by extensions ['colcon_pkg']
[0.545s] Level 1:colcon.colcon_core.package_identification:_identify(src/cgsr1_pkg) by extension 'colcon_pkg'
[0.545s] Level 1:colcon.colcon_core.package_identification:_identify(src/cgsr1_pkg) by extensions ['colcon_meta']
[0.545s] Level 1:colcon.colcon_core.package_identification:_identify(src/cgsr1_pkg) by extension 'colcon_meta'
[0.546s] Level 1:colcon.colcon_core.package_identification:_identify(src/cgsr1_pkg) by extensions ['ros']
[0.546s] Level 1:colcon.colcon_core.package_identification:_identify(src/cgsr1_pkg) by extension 'ros'
[0.549s] DEBUG:colcon.colcon_core.package_identification:Package 'src/cgsr1_pkg' with type 'ros.ament_python' and name 'cgsr1_pkg'
[0.549s] Level 1:colcon.colcon_core.package_discovery:discover_packages(recursive) using defaults
[0.550s] Level 1:colcon.colcon_core.package_discovery:discover_packages(ignore) discover
[0.550s] Level 1:colcon.colcon_core.package_discovery:discover_packages(ignore) using defaults
[0.550s] Level 1:colcon.colcon_core.package_discovery:discover_packages(path) discover
[0.550s] Level 1:colcon.colcon_core.package_discovery:discover_packages(path) using defaults
[0.582s] Level 1:colcon.colcon_core.package_discovery:discover_packages(prefix_path) check parameters
[0.583s] Level 1:colcon.colcon_core.package_discovery:discover_packages(prefix_path) discover
[0.585s] DEBUG:colcon.colcon_installed_package_information.package_discovery:Found 1 installed packages in /home/snowlar/SNOWLAR/install
[0.587s] DEBUG:colcon.colcon_installed_package_information.package_discovery:Found 293 installed packages in /opt/ros/humble
[0.591s] Level 1:colcon.colcon_core.package_discovery:discover_packages(prefix_path) using defaults
[0.675s] Level 5:colcon.colcon_core.verb:set package 'cgsr1_pkg' build argument 'cmake_args' from command line to 'None'
[0.675s] Level 5:colcon.colcon_core.verb:set package 'cgsr1_pkg' build argument 'cmake_target' from command line to 'None'
[0.675s] Level 5:colcon.colcon_core.verb:set package 'cgsr1_pkg' build argument 'cmake_target_skip_unavailable' from command line to 'False'
[0.675s] Level 5:colcon.colcon_core.verb:set package 'cgsr1_pkg' build argument 'cmake_clean_cache' from command line to 'False'
[0.675s] Level 5:colcon.colcon_core.verb:set package 'cgsr1_pkg' build argument 'cmake_clean_first' from command line to 'False'
[0.675s] Level 5:colcon.colcon_core.verb:set package 'cgsr1_pkg' build argument 'cmake_force_configure' from command line to 'False'
[0.675s] Level 5:colcon.colcon_core.verb:set package 'cgsr1_pkg' build argument 'ament_cmake_args' from command line to 'None'
[0.675s] Level 5:colcon.colcon_core.verb:set package 'cgsr1_pkg' build argument 'catkin_cmake_args' from command line to 'None'
[0.675s] Level 5:colcon.colcon_core.verb:set package 'cgsr1_pkg' build argument 'catkin_skip_building_tests' from command line to 'False'
[0.676s] DEBUG:colcon.colcon_core.verb:Building package 'cgsr1_pkg' with the following arguments: {'ament_cmake_args': None, 'build_base': '/home/snowlar/SNOWLAR/build/cgsr1_pkg', 'catkin_cmake_args': None, 'catkin_skip_building_tests': False, 'cmake_args': None, 'cmake_clean_cache': False, 'cmake_clean_first': False, 'cmake_force_configure': False, 'cmake_target': None, 'cmake_target_skip_unavailable': False, 'install_base': '/home/snowlar/SNOWLAR/install/cgsr1_pkg', 'merge_install': False, 'path': '/home/snowlar/SNOWLAR/src/cgsr1_pkg', 'symlink_install': False, 'test_result_base': None}
[0.676s] INFO:colcon.colcon_core.executor:Executing jobs using 'parallel' executor
[0.677s] DEBUG:colcon.colcon_parallel_executor.executor.parallel:run_until_complete
[0.678s] INFO:colcon.colcon_ros.task.ament_python.build:Building ROS package in '/home/snowlar/SNOWLAR/src/cgsr1_pkg' with build type 'ament_python'
[0.678s] Level 1:colcon.colcon_core.shell:create_environment_hook('cgsr1_pkg', 'ament_prefix_path')
[0.681s] INFO:colcon.colcon_core.plugin_system:Skipping extension 'colcon_core.shell.bat': Not used on non-Windows systems
[0.681s] INFO:colcon.colcon_core.shell:Creating environment hook '/home/snowlar/SNOWLAR/install/cgsr1_pkg/share/cgsr1_pkg/hook/ament_prefix_path.ps1'
[0.683s] INFO:colcon.colcon_core.shell:Creating environment descriptor '/home/snowlar/SNOWLAR/install/cgsr1_pkg/share/cgsr1_pkg/hook/ament_prefix_path.dsv'
[0.683s] INFO:colcon.colcon_core.shell:Creating environment hook '/home/snowlar/SNOWLAR/install/cgsr1_pkg/share/cgsr1_pkg/hook/ament_prefix_path.sh'
[0.685s] INFO:colcon.colcon_core.shell:Skip shell extension 'powershell' for command environment: Not usable outside of PowerShell
[0.685s] DEBUG:colcon.colcon_core.shell:Skip shell extension 'dsv' for command environment
[1.071s] INFO:colcon.colcon_core.task.python.build:Building Python package in '/home/snowlar/SNOWLAR/src/cgsr1_pkg'
[1.071s] INFO:colcon.colcon_core.shell:Skip shell extension 'powershell' for command environment: Not usable outside of PowerShell
[1.071s] DEBUG:colcon.colcon_core.shell:Skip shell extension 'dsv' for command environment
[1.556s] DEBUG:colcon.colcon_core.event_handler.log_command:Invoking command in '/home/snowlar/SNOWLAR/src/cgsr1_pkg': PYTHONPATH=/home/snowlar/SNOWLAR/build/cgsr1_pkg/prefix_override:/home/snowlar/SNOWLAR/install/cgsr1_pkg/lib/python3.10/site-packages:${PYTHONPATH} /usr/bin/python3 -W ignore:setup.py install is deprecated setup.py egg_info --egg-base ../../build/cgsr1_pkg build --build-base /home/snowlar/SNOWLAR/build/cgsr1_pkg/build install --record /home/snowlar/SNOWLAR/build/cgsr1_pkg/install.log --single-version-externally-managed install_data
[2.059s] DEBUG:colcon.colcon_core.event_handler.log_command:Invoked command in '/home/snowlar/SNOWLAR/src/cgsr1_pkg' returned '0': PYTHONPATH=/home/snowlar/SNOWLAR/build/cgsr1_pkg/prefix_override:/home/snowlar/SNOWLAR/install/cgsr1_pkg/lib/python3.10/site-packages:${PYTHONPATH} /usr/bin/python3 -W ignore:setup.py install is deprecated setup.py egg_info --egg-base ../../build/cgsr1_pkg build --build-base /home/snowlar/SNOWLAR/build/cgsr1_pkg/build install --record /home/snowlar/SNOWLAR/build/cgsr1_pkg/install.log --single-version-externally-managed install_data
[2.062s] Level 1:colcon.colcon_core.environment:checking '/home/snowlar/SNOWLAR/install/cgsr1_pkg' for CMake module files
[2.063s] Level 1:colcon.colcon_core.environment:checking '/home/snowlar/SNOWLAR/install/cgsr1_pkg' for CMake config files
[2.064s] Level 1:colcon.colcon_core.environment:checking '/home/snowlar/SNOWLAR/install/cgsr1_pkg/lib'
[2.065s] Level 1:colcon.colcon_core.environment:checking '/home/snowlar/SNOWLAR/install/cgsr1_pkg/bin'
[2.065s] Level 1:colcon.colcon_core.environment:checking '/home/snowlar/SNOWLAR/install/cgsr1_pkg/lib/pkgconfig/cgsr1_pkg.pc'
[2.065s] Level 1:colcon.colcon_core.environment:checking '/home/snowlar/SNOWLAR/install/cgsr1_pkg/lib/python3.10/site-packages'
[2.065s] Level 1:colcon.colcon_core.shell:create_environment_hook('cgsr1_pkg', 'pythonpath')
[2.066s] INFO:colcon.colcon_core.shell:Creating environment hook '/home/snowlar/SNOWLAR/install/cgsr1_pkg/share/cgsr1_pkg/hook/pythonpath.ps1'
[2.066s] INFO:colcon.colcon_core.shell:Creating environment descriptor '/home/snowlar/SNOWLAR/install/cgsr1_pkg/share/cgsr1_pkg/hook/pythonpath.dsv'
[2.067s] INFO:colcon.colcon_core.shell:Creating environment hook '/home/snowlar/SNOWLAR/install/cgsr1_pkg/share/cgsr1_pkg/hook/pythonpath.sh'
[2.067s] Level 1:colcon.colcon_core.environment:checking '/home/snowlar/SNOWLAR/install/cgsr1_pkg/bin'
[2.067s] Level 1:colcon.colcon_core.environment:create_environment_scripts_only(cgsr1_pkg)
[2.068s] INFO:colcon.colcon_core.shell:Creating package script '/home/snowlar/SNOWLAR/install/cgsr1_pkg/share/cgsr1_pkg/package.ps1'
[2.069s] INFO:colcon.colcon_core.shell:Creating package descriptor '/home/snowlar/SNOWLAR/install/cgsr1_pkg/share/cgsr1_pkg/package.dsv'
[2.070s] INFO:colcon.colcon_core.shell:Creating package script '/home/snowlar/SNOWLAR/install/cgsr1_pkg/share/cgsr1_pkg/package.sh'
[2.071s] INFO:colcon.colcon_core.shell:Creating package script '/home/snowlar/SNOWLAR/install/cgsr1_pkg/share/cgsr1_pkg/package.bash'
[2.072s] INFO:colcon.colcon_core.shell:Creating package script '/home/snowlar/SNOWLAR/install/cgsr1_pkg/share/cgsr1_pkg/package.zsh'
[2.074s] Level 1:colcon.colcon_core.environment:create_file_with_runtime_dependencies(/home/snowlar/SNOWLAR/install/cgsr1_pkg/share/colcon-core/packages/cgsr1_pkg)
[2.074s] DEBUG:colcon.colcon_parallel_executor.executor.parallel:closing loop
[2.074s] DEBUG:colcon.colcon_parallel_executor.executor.parallel:loop closed
[2.075s] DEBUG:colcon.colcon_parallel_executor.executor.parallel:run_until_complete finished with '0'
[2.075s] DEBUG:colcon.colcon_core.event_reactor:joining thread
[2.081s] INFO:colcon.colcon_core.plugin_system:Skipping extension 'colcon_notification.desktop_notification.terminal_notifier': Not used on non-Darwin systems
[2.081s] INFO:colcon.colcon_core.plugin_system:Skipping extension 'colcon_notification.desktop_notification.win32': Not used on non-Windows systems
[2.081s] INFO:colcon.colcon_notification.desktop_notification:Sending desktop notification using 'notify2'
[2.091s] DEBUG:colcon.colcon_core.event_reactor:joined thread
[2.092s] INFO:colcon.colcon_core.shell:Creating prefix script '/home/snowlar/SNOWLAR/install/local_setup.ps1'
[2.093s] INFO:colcon.colcon_core.shell:Creating prefix util module '/home/snowlar/SNOWLAR/install/_local_setup_util_ps1.py'
[2.096s] INFO:colcon.colcon_core.shell:Creating prefix chain script '/home/snowlar/SNOWLAR/install/setup.ps1'
[2.098s] INFO:colcon.colcon_core.shell:Creating prefix script '/home/snowlar/SNOWLAR/install/local_setup.sh'
[2.099s] INFO:colcon.colcon_core.shell:Creating prefix util module '/home/snowlar/SNOWLAR/install/_local_setup_util_sh.py'
[2.099s] INFO:colcon.colcon_core.shell:Creating prefix chain script '/home/snowlar/SNOWLAR/install/setup.sh'
[2.101s] INFO:colcon.colcon_core.shell:Creating prefix script '/home/snowlar/SNOWLAR/install/local_setup.bash'
[2.101s] INFO:colcon.colcon_core.shell:Creating prefix chain script '/home/snowlar/SNOWLAR/install/setup.bash'
[2.103s] INFO:colcon.colcon_core.shell:Creating prefix script '/home/snowlar/SNOWLAR/install/local_setup.zsh'
[2.104s] INFO:colcon.colcon_core.shell:Creating prefix chain script '/home/snowlar/SNOWLAR/install/setup.zsh'
