running egg_info
writing ../../build/my_python_pkg/my_python_pkg.egg-info/PKG-INFO
writing dependency_links to ../../build/my_python_pkg/my_python_pkg.egg-info/dependency_links.txt
writing entry points to ../../build/my_python_pkg/my_python_pkg.egg-info/entry_points.txt
writing requirements to ../../build/my_python_pkg/my_python_pkg.egg-info/requires.txt
writing top-level names to ../../build/my_python_pkg/my_python_pkg.egg-info/top_level.txt
reading manifest file '../../build/my_python_pkg/my_python_pkg.egg-info/SOURCES.txt'
writing manifest file '../../build/my_python_pkg/my_python_pkg.egg-info/SOURCES.txt'
running build
running build_py
copying my_python_pkg/web_interface.py -> /home/snowlar/ros2_ws/build/my_python_pkg/build/lib/my_python_pkg
copying my_python_pkg/test_flask.py -> /home/snowlar/ros2_ws/build/my_python_pkg/build/lib/my_python_pkg
running install
running install_lib
copying /home/snowlar/ros2_ws/build/my_python_pkg/build/lib/my_python_pkg/web_interface.py -> /home/snowlar/ros2_ws/install/my_python_pkg/lib/python3.10/site-packages/my_python_pkg
copying /home/snowlar/ros2_ws/build/my_python_pkg/build/lib/my_python_pkg/test_flask.py -> /home/snowlar/ros2_ws/install/my_python_pkg/lib/python3.10/site-packages/my_python_pkg
byte-compiling /home/snowlar/ros2_ws/install/my_python_pkg/lib/python3.10/site-packages/my_python_pkg/web_interface.py to web_interface.cpython-310.pyc
byte-compiling /home/snowlar/ros2_ws/install/my_python_pkg/lib/python3.10/site-packages/my_python_pkg/test_flask.py to test_flask.cpython-310.pyc
running install_data
running install_egg_info
removing '/home/snowlar/ros2_ws/install/my_python_pkg/lib/python3.10/site-packages/my_python_pkg-0.0.0-py3.10.egg-info' (and everything under it)
Copying ../../build/my_python_pkg/my_python_pkg.egg-info to /home/snowlar/ros2_ws/install/my_python_pkg/lib/python3.10/site-packages/my_python_pkg-0.0.0-py3.10.egg-info
running install_scripts
Installing imu_node script to /home/snowlar/ros2_ws/install/my_python_pkg/lib/my_python_pkg
Installing joy_to_cmd_vel_and_servo script to /home/snowlar/ros2_ws/install/my_python_pkg/lib/my_python_pkg
Installing main_node script to /home/snowlar/ros2_ws/install/my_python_pkg/lib/my_python_pkg
Installing web_interface script to /home/snowlar/ros2_ws/install/my_python_pkg/lib/my_python_pkg
writing list of installed files to '/home/snowlar/ros2_ws/build/my_python_pkg/install.log'
