[0.839s] Invoking command in '/home/snowlar/SNOWLAR/src/cgsr1_pkg': PYTHONPATH=/home/snowlar/SNOWLAR/build/cgsr1_pkg/prefix_override:/home/snowlar/SNOWLAR/install/cgsr1_pkg/lib/python3.10/site-packages:${PYTHONPATH} /usr/bin/python3 -W ignore:setup.py install is deprecated setup.py egg_info --egg-base ../../build/cgsr1_pkg build --build-base /home/snowlar/SNOWLAR/build/cgsr1_pkg/build install --record /home/snowlar/SNOWLAR/build/cgsr1_pkg/install.log --single-version-externally-managed install_data
[1.146s] running egg_info
[1.147s] writing ../../build/cgsr1_pkg/cgsr1_pkg.egg-info/PKG-INFO
[1.147s] writing dependency_links to ../../build/cgsr1_pkg/cgsr1_pkg.egg-info/dependency_links.txt
[1.147s] writing entry points to ../../build/cgsr1_pkg/cgsr1_pkg.egg-info/entry_points.txt
[1.147s] writing requirements to ../../build/cgsr1_pkg/cgsr1_pkg.egg-info/requires.txt
[1.147s] writing top-level names to ../../build/cgsr1_pkg/cgsr1_pkg.egg-info/top_level.txt
[1.149s] reading manifest file '../../build/cgsr1_pkg/cgsr1_pkg.egg-info/SOURCES.txt'
[1.150s] writing manifest file '../../build/cgsr1_pkg/cgsr1_pkg.egg-info/SOURCES.txt'
[1.150s] running build
[1.150s] running build_py
[1.151s] copying cgsr1_pkg/winch_feedback.py -> /home/snowlar/SNOWLAR/build/cgsr1_pkg/build/lib/cgsr1_pkg
[1.151s] running install
[1.152s] running install_lib
[1.152s] copying /home/snowlar/SNOWLAR/build/cgsr1_pkg/build/lib/cgsr1_pkg/winch_feedback.py -> /home/snowlar/SNOWLAR/install/cgsr1_pkg/lib/python3.10/site-packages/cgsr1_pkg
[1.154s] byte-compiling /home/snowlar/SNOWLAR/install/cgsr1_pkg/lib/python3.10/site-packages/cgsr1_pkg/winch_feedback.py to winch_feedback.cpython-310.pyc
[1.155s] running install_data
[1.156s] running install_egg_info
[1.158s] removing '/home/snowlar/SNOWLAR/install/cgsr1_pkg/lib/python3.10/site-packages/cgsr1_pkg-0.0.0-py3.10.egg-info' (and everything under it)
[1.158s] Copying ../../build/cgsr1_pkg/cgsr1_pkg.egg-info to /home/snowlar/SNOWLAR/install/cgsr1_pkg/lib/python3.10/site-packages/cgsr1_pkg-0.0.0-py3.10.egg-info
[1.159s] running install_scripts
[1.183s] Installing automation script to /home/snowlar/SNOWLAR/install/cgsr1_pkg/lib/cgsr1_pkg
[1.183s] Installing basecontrol script to /home/snowlar/SNOWLAR/install/cgsr1_pkg/lib/cgsr1_pkg
[1.184s] Installing brushtest script to /home/snowlar/SNOWLAR/install/cgsr1_pkg/lib/cgsr1_pkg
[1.184s] Installing calibration script to /home/snowlar/SNOWLAR/install/cgsr1_pkg/lib/cgsr1_pkg
[1.184s] Installing computation script to /home/snowlar/SNOWLAR/install/cgsr1_pkg/lib/cgsr1_pkg
[1.184s] Installing counter_automation script to /home/snowlar/SNOWLAR/install/cgsr1_pkg/lib/cgsr1_pkg
[1.184s] Installing dummy_publisher script to /home/snowlar/SNOWLAR/install/cgsr1_pkg/lib/cgsr1_pkg
[1.185s] Installing imucontrol script to /home/snowlar/SNOWLAR/install/cgsr1_pkg/lib/cgsr1_pkg
[1.185s] Installing imutobase script to /home/snowlar/SNOWLAR/install/cgsr1_pkg/lib/cgsr1_pkg
[1.185s] Installing joytobase script to /home/snowlar/SNOWLAR/install/cgsr1_pkg/lib/cgsr1_pkg
[1.185s] Installing straight_motion script to /home/snowlar/SNOWLAR/install/cgsr1_pkg/lib/cgsr1_pkg
[1.185s] Installing web_interface script to /home/snowlar/SNOWLAR/install/cgsr1_pkg/lib/cgsr1_pkg
[1.185s] Installing winch_feedback script to /home/snowlar/SNOWLAR/install/cgsr1_pkg/lib/cgsr1_pkg
[1.186s] Installing winchcontrol script to /home/snowlar/SNOWLAR/install/cgsr1_pkg/lib/cgsr1_pkg
[1.186s] writing list of installed files to '/home/snowlar/SNOWLAR/build/cgsr1_pkg/install.log'
[1.220s] Invoked command in '/home/snowlar/SNOWLAR/src/cgsr1_pkg' returned '0': PYTHONPATH=/home/snowlar/SNOWLAR/build/cgsr1_pkg/prefix_override:/home/snowlar/SNOWLAR/install/cgsr1_pkg/lib/python3.10/site-packages:${PYTHONPATH} /usr/bin/python3 -W ignore:setup.py install is deprecated setup.py egg_info --egg-base ../../build/cgsr1_pkg build --build-base /home/snowlar/SNOWLAR/build/cgsr1_pkg/build install --record /home/snowlar/SNOWLAR/build/cgsr1_pkg/install.log --single-version-externally-managed install_data
