[0.801s] Invoking command in '/home/snowlar/Desktop/SNOWLAR/src/cgsr1_pkg': PYTHONPATH=/home/snowlar/Desktop/SNOWLAR/build/cgsr1_pkg/prefix_override:/usr/lib/python3/dist-packages/colcon_core/task/python/colcon_distutils_commands:/home/snowlar/Desktop/SNOWLAR/install/cgsr1_pkg/lib/python3.10/site-packages:${PYTHONPATH} /usr/bin/python3 -W ignore:setup.py install is deprecated setup.py egg_info --egg-base ../../build/cgsr1_pkg build --build-base /home/snowlar/Desktop/SNOWLAR/build/cgsr1_pkg/build install --record /home/snowlar/Desktop/SNOWLAR/build/cgsr1_pkg/install.log --single-version-externally-managed install_data
[1.125s] running egg_info
[1.126s] writing ../../build/cgsr1_pkg/cgsr1_pkg.egg-info/PKG-INFO
[1.126s] writing dependency_links to ../../build/cgsr1_pkg/cgsr1_pkg.egg-info/dependency_links.txt
[1.127s] writing entry points to ../../build/cgsr1_pkg/cgsr1_pkg.egg-info/entry_points.txt
[1.127s] writing requirements to ../../build/cgsr1_pkg/cgsr1_pkg.egg-info/requires.txt
[1.127s] writing top-level names to ../../build/cgsr1_pkg/cgsr1_pkg.egg-info/top_level.txt
[1.130s] reading manifest file '../../build/cgsr1_pkg/cgsr1_pkg.egg-info/SOURCES.txt'
[1.132s] writing manifest file '../../build/cgsr1_pkg/cgsr1_pkg.egg-info/SOURCES.txt'
[1.132s] running build
[1.132s] running build_py
[1.133s] running install
[1.134s] running install_lib
[1.137s] running install_data
[1.137s] running install_egg_info
[1.140s] removing '/home/snowlar/Desktop/SNOWLAR/install/cgsr1_pkg/lib/python3.10/site-packages/cgsr1_pkg-0.0.0-py3.10.egg-info' (and everything under it)
[1.140s] Copying ../../build/cgsr1_pkg/cgsr1_pkg.egg-info to /home/snowlar/Desktop/SNOWLAR/install/cgsr1_pkg/lib/python3.10/site-packages/cgsr1_pkg-0.0.0-py3.10.egg-info
[1.142s] running install_scripts
[1.169s] Installing automation script to /home/snowlar/Desktop/SNOWLAR/install/cgsr1_pkg/lib/cgsr1_pkg
[1.169s] Installing basecontrol script to /home/snowlar/Desktop/SNOWLAR/install/cgsr1_pkg/lib/cgsr1_pkg
[1.169s] Installing brushtest script to /home/snowlar/Desktop/SNOWLAR/install/cgsr1_pkg/lib/cgsr1_pkg
[1.170s] Installing calibration script to /home/snowlar/Desktop/SNOWLAR/install/cgsr1_pkg/lib/cgsr1_pkg
[1.170s] Installing cameraapriltag script to /home/snowlar/Desktop/SNOWLAR/install/cgsr1_pkg/lib/cgsr1_pkg
[1.170s] Installing computation script to /home/snowlar/Desktop/SNOWLAR/install/cgsr1_pkg/lib/cgsr1_pkg
[1.170s] Installing dummy_publisher script to /home/snowlar/Desktop/SNOWLAR/install/cgsr1_pkg/lib/cgsr1_pkg
[1.170s] Installing imucontrol script to /home/snowlar/Desktop/SNOWLAR/install/cgsr1_pkg/lib/cgsr1_pkg
[1.170s] Installing imutobase script to /home/snowlar/Desktop/SNOWLAR/install/cgsr1_pkg/lib/cgsr1_pkg
[1.171s] Installing joytobase script to /home/snowlar/Desktop/SNOWLAR/install/cgsr1_pkg/lib/cgsr1_pkg
[1.171s] Installing linus_automation script to /home/snowlar/Desktop/SNOWLAR/install/cgsr1_pkg/lib/cgsr1_pkg
[1.171s] Installing straight_motion script to /home/snowlar/Desktop/SNOWLAR/install/cgsr1_pkg/lib/cgsr1_pkg
[1.171s] Installing web_interface script to /home/snowlar/Desktop/SNOWLAR/install/cgsr1_pkg/lib/cgsr1_pkg
[1.171s] Installing winch_feedback script to /home/snowlar/Desktop/SNOWLAR/install/cgsr1_pkg/lib/cgsr1_pkg
[1.171s] Installing winchcontrol script to /home/snowlar/Desktop/SNOWLAR/install/cgsr1_pkg/lib/cgsr1_pkg
[1.172s] writing list of installed files to '/home/snowlar/Desktop/SNOWLAR/build/cgsr1_pkg/install.log'
[1.209s] Invoked command in '/home/snowlar/Desktop/SNOWLAR/src/cgsr1_pkg' returned '0': PYTHONPATH=/home/snowlar/Desktop/SNOWLAR/build/cgsr1_pkg/prefix_override:/usr/lib/python3/dist-packages/colcon_core/task/python/colcon_distutils_commands:/home/snowlar/Desktop/SNOWLAR/install/cgsr1_pkg/lib/python3.10/site-packages:${PYTHONPATH} /usr/bin/python3 -W ignore:setup.py install is deprecated setup.py egg_info --egg-base ../../build/cgsr1_pkg build --build-base /home/snowlar/Desktop/SNOWLAR/build/cgsr1_pkg/build install --record /home/snowlar/Desktop/SNOWLAR/build/cgsr1_pkg/install.log --single-version-externally-managed install_data
