[0.723s] Invoking command in '/home/snowlar/SNOWLAR/src/cgsr1_pkg': PYTHONPATH=/home/snowlar/SNOWLAR/build/cgsr1_pkg/prefix_override:/home/snowlar/SNOWLAR/install/cgsr1_pkg/lib/python3.10/site-packages:${PYTHONPATH} /usr/bin/python3 -W ignore:setup.py install is deprecated setup.py egg_info --egg-base ../../build/cgsr1_pkg build --build-base /home/snowlar/SNOWLAR/build/cgsr1_pkg/build install --record /home/snowlar/SNOWLAR/build/cgsr1_pkg/install.log --single-version-externally-managed install_data
[0.963s] running egg_info
[0.963s] writing ../../build/cgsr1_pkg/cgsr1_pkg.egg-info/PKG-INFO
[0.964s] writing dependency_links to ../../build/cgsr1_pkg/cgsr1_pkg.egg-info/dependency_links.txt
[0.964s] writing entry points to ../../build/cgsr1_pkg/cgsr1_pkg.egg-info/entry_points.txt
[0.964s] writing requirements to ../../build/cgsr1_pkg/cgsr1_pkg.egg-info/requires.txt
[0.964s] writing top-level names to ../../build/cgsr1_pkg/cgsr1_pkg.egg-info/top_level.txt
[0.966s] reading manifest file '../../build/cgsr1_pkg/cgsr1_pkg.egg-info/SOURCES.txt'
[0.967s] writing manifest file '../../build/cgsr1_pkg/cgsr1_pkg.egg-info/SOURCES.txt'
[0.967s] running build
[0.967s] running build_py
[0.968s] running install
[0.968s] running install_lib
[0.971s] running install_data
[0.971s] running install_egg_info
[0.972s] removing '/home/snowlar/SNOWLAR/install/cgsr1_pkg/lib/python3.10/site-packages/cgsr1_pkg-0.0.0-py3.10.egg-info' (and everything under it)
[0.973s] Copying ../../build/cgsr1_pkg/cgsr1_pkg.egg-info to /home/snowlar/SNOWLAR/install/cgsr1_pkg/lib/python3.10/site-packages/cgsr1_pkg-0.0.0-py3.10.egg-info
[0.974s] running install_scripts
[0.994s] Installing automation script to /home/snowlar/SNOWLAR/install/cgsr1_pkg/lib/cgsr1_pkg
[0.994s] Installing basecontrol script to /home/snowlar/SNOWLAR/install/cgsr1_pkg/lib/cgsr1_pkg
[0.994s] Installing brushtest script to /home/snowlar/SNOWLAR/install/cgsr1_pkg/lib/cgsr1_pkg
[0.994s] Installing calibration script to /home/snowlar/SNOWLAR/install/cgsr1_pkg/lib/cgsr1_pkg
[0.995s] Installing computation script to /home/snowlar/SNOWLAR/install/cgsr1_pkg/lib/cgsr1_pkg
[0.995s] Installing dummy_publisher script to /home/snowlar/SNOWLAR/install/cgsr1_pkg/lib/cgsr1_pkg
[0.995s] Installing imucontrol script to /home/snowlar/SNOWLAR/install/cgsr1_pkg/lib/cgsr1_pkg
[0.995s] Installing imutobase script to /home/snowlar/SNOWLAR/install/cgsr1_pkg/lib/cgsr1_pkg
[0.995s] Installing joytobase script to /home/snowlar/SNOWLAR/install/cgsr1_pkg/lib/cgsr1_pkg
[0.995s] Installing linus_automation script to /home/snowlar/SNOWLAR/install/cgsr1_pkg/lib/cgsr1_pkg
[0.995s] Installing straight_motion script to /home/snowlar/SNOWLAR/install/cgsr1_pkg/lib/cgsr1_pkg
[0.996s] Installing web_interface script to /home/snowlar/SNOWLAR/install/cgsr1_pkg/lib/cgsr1_pkg
[0.996s] Installing winch_feedback script to /home/snowlar/SNOWLAR/install/cgsr1_pkg/lib/cgsr1_pkg
[0.996s] Installing winchcontrol script to /home/snowlar/SNOWLAR/install/cgsr1_pkg/lib/cgsr1_pkg
[0.996s] writing list of installed files to '/home/snowlar/SNOWLAR/build/cgsr1_pkg/install.log'
[1.018s] Invoked command in '/home/snowlar/SNOWLAR/src/cgsr1_pkg' returned '0': PYTHONPATH=/home/snowlar/SNOWLAR/build/cgsr1_pkg/prefix_override:/home/snowlar/SNOWLAR/install/cgsr1_pkg/lib/python3.10/site-packages:${PYTHONPATH} /usr/bin/python3 -W ignore:setup.py install is deprecated setup.py egg_info --egg-base ../../build/cgsr1_pkg build --build-base /home/snowlar/SNOWLAR/build/cgsr1_pkg/build install --record /home/snowlar/SNOWLAR/build/cgsr1_pkg/install.log --single-version-externally-managed install_data
