[0.452s] Invoking command in '/home/snowlar/ros2_ws/src/my_python_pkg': PYTHONPATH=/home/snowlar/ros2_ws/build/my_python_pkg/prefix_override:/home/snowlar/ros2_ws/install/my_python_pkg/lib/python3.10/site-packages:${PYTHONPATH} /usr/bin/python3 -W ignore:setup.py install is deprecated setup.py egg_info --egg-base ../../build/my_python_pkg build --build-base /home/snowlar/ros2_ws/build/my_python_pkg/build install --record /home/snowlar/ros2_ws/build/my_python_pkg/install.log --single-version-externally-managed install_data
[0.604s] running egg_info
[0.604s] writing ../../build/my_python_pkg/my_python_pkg.egg-info/PKG-INFO
[0.606s] writing dependency_links to ../../build/my_python_pkg/my_python_pkg.egg-info/dependency_links.txt
[0.606s] writing entry points to ../../build/my_python_pkg/my_python_pkg.egg-info/entry_points.txt
[0.606s] writing requirements to ../../build/my_python_pkg/my_python_pkg.egg-info/requires.txt
[0.606s] writing top-level names to ../../build/my_python_pkg/my_python_pkg.egg-info/top_level.txt
[0.607s] reading manifest file '../../build/my_python_pkg/my_python_pkg.egg-info/SOURCES.txt'
[0.608s] writing manifest file '../../build/my_python_pkg/my_python_pkg.egg-info/SOURCES.txt'
[0.608s] running build
[0.608s] running build_py
[0.609s] copying my_python_pkg/basecontrol.py -> /home/snowlar/ros2_ws/build/my_python_pkg/build/lib/my_python_pkg
[0.609s] running install
[0.609s] running install_lib
[0.610s] copying /home/snowlar/ros2_ws/build/my_python_pkg/build/lib/my_python_pkg/basecontrol.py -> /home/snowlar/ros2_ws/install/my_python_pkg/lib/python3.10/site-packages/my_python_pkg
[0.610s] byte-compiling /home/snowlar/ros2_ws/install/my_python_pkg/lib/python3.10/site-packages/my_python_pkg/basecontrol.py to basecontrol.cpython-310.pyc
[0.610s] byte-compiling /home/snowlar/ros2_ws/install/my_python_pkg/lib/python3.10/site-packages/my_python_pkg/joytobase.py to joytobase.cpython-310.pyc
[0.610s] Sorry: IndentationError: unindent does not match any outer indentation level (basecontrol.py, line 76)
[0.611s] running install_data
[0.611s] running install_egg_info
[0.612s] removing '/home/snowlar/ros2_ws/install/my_python_pkg/lib/python3.10/site-packages/my_python_pkg-0.0.0-py3.10.egg-info' (and everything under it)
[0.612s] Copying ../../build/my_python_pkg/my_python_pkg.egg-info to /home/snowlar/ros2_ws/install/my_python_pkg/lib/python3.10/site-packages/my_python_pkg-0.0.0-py3.10.egg-info
[0.613s] running install_scripts
[0.628s] Installing joy_to_cmd_vel_and_servo script to /home/snowlar/ros2_ws/install/my_python_pkg/lib/my_python_pkg
[0.628s] Installing main_node script to /home/snowlar/ros2_ws/install/my_python_pkg/lib/my_python_pkg
[0.628s] writing list of installed files to '/home/snowlar/ros2_ws/build/my_python_pkg/install.log'
[0.647s] Invoked command in '/home/snowlar/ros2_ws/src/my_python_pkg' returned '0': PYTHONPATH=/home/snowlar/ros2_ws/build/my_python_pkg/prefix_override:/home/snowlar/ros2_ws/install/my_python_pkg/lib/python3.10/site-packages:${PYTHONPATH} /usr/bin/python3 -W ignore:setup.py install is deprecated setup.py egg_info --egg-base ../../build/my_python_pkg build --build-base /home/snowlar/ros2_ws/build/my_python_pkg/build install --record /home/snowlar/ros2_ws/build/my_python_pkg/install.log --single-version-externally-managed install_data
