[0.403s] Invoking command in '/home/snowlar/ros2_ws/src/my_python_pkg': PYTHONPATH=/home/snowlar/ros2_ws/build/my_python_pkg/prefix_override:/home/snowlar/ros2_ws/install/my_python_pkg/lib/python3.10/site-packages:${PYTHONPATH} /usr/bin/python3 -W ignore:setup.py install is deprecated setup.py egg_info --egg-base ../../build/my_python_pkg build --build-base /home/snowlar/ros2_ws/build/my_python_pkg/build install --record /home/snowlar/ros2_ws/build/my_python_pkg/install.log --single-version-externally-managed install_data
[0.561s] running egg_info
[0.562s] writing ../../build/my_python_pkg/my_python_pkg.egg-info/PKG-INFO
[0.562s] writing dependency_links to ../../build/my_python_pkg/my_python_pkg.egg-info/dependency_links.txt
[0.562s] writing entry points to ../../build/my_python_pkg/my_python_pkg.egg-info/entry_points.txt
[0.562s] writing requirements to ../../build/my_python_pkg/my_python_pkg.egg-info/requires.txt
[0.562s] writing top-level names to ../../build/my_python_pkg/my_python_pkg.egg-info/top_level.txt
[0.563s] reading manifest file '../../build/my_python_pkg/my_python_pkg.egg-info/SOURCES.txt'
[0.564s] writing manifest file '../../build/my_python_pkg/my_python_pkg.egg-info/SOURCES.txt'
[0.564s] running build
[0.564s] running build_py
[0.564s] running install
[0.565s] running install_lib
[0.566s] running install_data
[0.566s] running install_egg_info
[0.567s] removing '/home/snowlar/ros2_ws/install/my_python_pkg/lib/python3.10/site-packages/my_python_pkg-0.0.0-py3.10.egg-info' (and everything under it)
[0.567s] Copying ../../build/my_python_pkg/my_python_pkg.egg-info to /home/snowlar/ros2_ws/install/my_python_pkg/lib/python3.10/site-packages/my_python_pkg-0.0.0-py3.10.egg-info
[0.568s] running install_scripts
[0.583s] Installing imu_node script to /home/snowlar/ros2_ws/install/my_python_pkg/lib/my_python_pkg
[0.583s] Installing joy_to_cmd_vel_and_servo script to /home/snowlar/ros2_ws/install/my_python_pkg/lib/my_python_pkg
[0.583s] Installing main_node script to /home/snowlar/ros2_ws/install/my_python_pkg/lib/my_python_pkg
[0.583s] Installing web_interface script to /home/snowlar/ros2_ws/install/my_python_pkg/lib/my_python_pkg
[0.583s] writing list of installed files to '/home/snowlar/ros2_ws/build/my_python_pkg/install.log'
[0.602s] Invoked command in '/home/snowlar/ros2_ws/src/my_python_pkg' returned '0': PYTHONPATH=/home/snowlar/ros2_ws/build/my_python_pkg/prefix_override:/home/snowlar/ros2_ws/install/my_python_pkg/lib/python3.10/site-packages:${PYTHONPATH} /usr/bin/python3 -W ignore:setup.py install is deprecated setup.py egg_info --egg-base ../../build/my_python_pkg build --build-base /home/snowlar/ros2_ws/build/my_python_pkg/build install --record /home/snowlar/ros2_ws/build/my_python_pkg/install.log --single-version-externally-managed install_data
