[0.400s] Invoking command in '/home/snowlar/snowlar_ws_v1/src/cgsr1_pkg': PYTHONPATH=/home/snowlar/snowlar_ws_v1/build/cgsr1_pkg/prefix_override:/home/snowlar/snowlar_ws_v1/install/cgsr1_pkg/lib/python3.10/site-packages:${PYTHONPATH} /usr/bin/python3 -W ignore:setup.py install is deprecated setup.py egg_info --egg-base ../../build/cgsr1_pkg build --build-base /home/snowlar/snowlar_ws_v1/build/cgsr1_pkg/build install --record /home/snowlar/snowlar_ws_v1/build/cgsr1_pkg/install.log --single-version-externally-managed install_data
[0.553s] running egg_info
[0.554s] writing ../../build/cgsr1_pkg/cgsr1_pkg.egg-info/PKG-INFO
[0.554s] writing dependency_links to ../../build/cgsr1_pkg/cgsr1_pkg.egg-info/dependency_links.txt
[0.554s] writing entry points to ../../build/cgsr1_pkg/cgsr1_pkg.egg-info/entry_points.txt
[0.554s] writing requirements to ../../build/cgsr1_pkg/cgsr1_pkg.egg-info/requires.txt
[0.554s] writing top-level names to ../../build/cgsr1_pkg/cgsr1_pkg.egg-info/top_level.txt
[0.556s] reading manifest file '../../build/cgsr1_pkg/cgsr1_pkg.egg-info/SOURCES.txt'
[0.556s] writing manifest file '../../build/cgsr1_pkg/cgsr1_pkg.egg-info/SOURCES.txt'
[0.556s] running build
[0.556s] running build_py
[0.556s] running install
[0.557s] running install_lib
[0.558s] running install_data
[0.558s] running install_egg_info
[0.559s] removing '/home/snowlar/snowlar_ws_v1/install/cgsr1_pkg/lib/python3.10/site-packages/cgsr1_pkg-0.0.0-py3.10.egg-info' (and everything under it)
[0.560s] Copying ../../build/cgsr1_pkg/cgsr1_pkg.egg-info to /home/snowlar/snowlar_ws_v1/install/cgsr1_pkg/lib/python3.10/site-packages/cgsr1_pkg-0.0.0-py3.10.egg-info
[0.560s] running install_scripts
[0.573s] Installing imu_steering script to /home/snowlar/snowlar_ws_v1/install/cgsr1_pkg/lib/cgsr1_pkg
[0.573s] Installing joy_steering script to /home/snowlar/snowlar_ws_v1/install/cgsr1_pkg/lib/cgsr1_pkg
[0.573s] Installing tank_motion script to /home/snowlar/snowlar_ws_v1/install/cgsr1_pkg/lib/cgsr1_pkg
[0.573s] Installing web_interface script to /home/snowlar/snowlar_ws_v1/install/cgsr1_pkg/lib/cgsr1_pkg
[0.573s] writing list of installed files to '/home/snowlar/snowlar_ws_v1/build/cgsr1_pkg/install.log'
[0.590s] Invoked command in '/home/snowlar/snowlar_ws_v1/src/cgsr1_pkg' returned '0': PYTHONPATH=/home/snowlar/snowlar_ws_v1/build/cgsr1_pkg/prefix_override:/home/snowlar/snowlar_ws_v1/install/cgsr1_pkg/lib/python3.10/site-packages:${PYTHONPATH} /usr/bin/python3 -W ignore:setup.py install is deprecated setup.py egg_info --egg-base ../../build/cgsr1_pkg build --build-base /home/snowlar/snowlar_ws_v1/build/cgsr1_pkg/build install --record /home/snowlar/snowlar_ws_v1/build/cgsr1_pkg/install.log --single-version-externally-managed install_data
