[0.444s] Invoking command in '/home/snowlar/snowlar_ws/snowlar/src/cgsr1_pkg': PYTHONPATH=/home/snowlar/snowlar_ws/snowlar/build/cgsr1_pkg/prefix_override:/home/snowlar/snowlar_ws/snowlar/install/cgsr1_pkg/lib/python3.10/site-packages:${PYTHONPATH} /usr/bin/python3 -W ignore:setup.py install is deprecated setup.py egg_info --egg-base ../../build/cgsr1_pkg build --build-base /home/snowlar/snowlar_ws/snowlar/build/cgsr1_pkg/build install --record /home/snowlar/snowlar_ws/snowlar/build/cgsr1_pkg/install.log --single-version-externally-managed install_data
[0.600s] running egg_info
[0.600s] writing ../../build/cgsr1_pkg/cgsr1_pkg.egg-info/PKG-INFO
[0.600s] writing dependency_links to ../../build/cgsr1_pkg/cgsr1_pkg.egg-info/dependency_links.txt
[0.600s] writing entry points to ../../build/cgsr1_pkg/cgsr1_pkg.egg-info/entry_points.txt
[0.600s] writing requirements to ../../build/cgsr1_pkg/cgsr1_pkg.egg-info/requires.txt
[0.600s] writing top-level names to ../../build/cgsr1_pkg/cgsr1_pkg.egg-info/top_level.txt
[0.601s] reading manifest file '../../build/cgsr1_pkg/cgsr1_pkg.egg-info/SOURCES.txt'
[0.602s] writing manifest file '../../build/cgsr1_pkg/cgsr1_pkg.egg-info/SOURCES.txt'
[0.602s] running build
[0.602s] running build_py
[0.602s] copying cgsr1_pkg/web_interface.py -> /home/snowlar/snowlar_ws/snowlar/build/cgsr1_pkg/build/lib/cgsr1_pkg
[0.603s] running install
[0.603s] running install_lib
[0.604s] copying /home/snowlar/snowlar_ws/snowlar/build/cgsr1_pkg/build/lib/cgsr1_pkg/web_interface.py -> /home/snowlar/snowlar_ws/snowlar/install/cgsr1_pkg/lib/python3.10/site-packages/cgsr1_pkg
[0.604s] byte-compiling /home/snowlar/snowlar_ws/snowlar/install/cgsr1_pkg/lib/python3.10/site-packages/cgsr1_pkg/web_interface.py to web_interface.cpython-310.pyc
[0.605s] running install_data
[0.605s] running install_egg_info
[0.607s] removing '/home/snowlar/snowlar_ws/snowlar/install/cgsr1_pkg/lib/python3.10/site-packages/cgsr1_pkg-0.0.0-py3.10.egg-info' (and everything under it)
[0.607s] Copying ../../build/cgsr1_pkg/cgsr1_pkg.egg-info to /home/snowlar/snowlar_ws/snowlar/install/cgsr1_pkg/lib/python3.10/site-packages/cgsr1_pkg-0.0.0-py3.10.egg-info
[0.607s] running install_scripts
[0.621s] Installing dummy_publisher script to /home/snowlar/snowlar_ws/snowlar/install/cgsr1_pkg/lib/cgsr1_pkg
[0.621s] Installing imu_steering script to /home/snowlar/snowlar_ws/snowlar/install/cgsr1_pkg/lib/cgsr1_pkg
[0.621s] Installing joy_steering script to /home/snowlar/snowlar_ws/snowlar/install/cgsr1_pkg/lib/cgsr1_pkg
[0.621s] Installing tank_motion script to /home/snowlar/snowlar_ws/snowlar/install/cgsr1_pkg/lib/cgsr1_pkg
[0.621s] Installing web_interface script to /home/snowlar/snowlar_ws/snowlar/install/cgsr1_pkg/lib/cgsr1_pkg
[0.621s] writing list of installed files to '/home/snowlar/snowlar_ws/snowlar/build/cgsr1_pkg/install.log'
[0.640s] Invoked command in '/home/snowlar/snowlar_ws/snowlar/src/cgsr1_pkg' returned '0': PYTHONPATH=/home/snowlar/snowlar_ws/snowlar/build/cgsr1_pkg/prefix_override:/home/snowlar/snowlar_ws/snowlar/install/cgsr1_pkg/lib/python3.10/site-packages:${PYTHONPATH} /usr/bin/python3 -W ignore:setup.py install is deprecated setup.py egg_info --egg-base ../../build/cgsr1_pkg build --build-base /home/snowlar/snowlar_ws/snowlar/build/cgsr1_pkg/build install --record /home/snowlar/snowlar_ws/snowlar/build/cgsr1_pkg/install.log --single-version-externally-managed install_data
