/home/snowlar/SNOWLAR/install/cgsr1_pkg/lib/python3.10/site-packages/cgsr1_pkg/imucontrol.py
/home/snowlar/SNOWLAR/install/cgsr1_pkg/lib/python3.10/site-packages/cgsr1_pkg/counter_automation.py
/home/snowlar/SNOWLAR/install/cgsr1_pkg/lib/python3.10/site-packages/cgsr1_pkg/winch_feedback.py
/home/snowlar/SNOWLAR/install/cgsr1_pkg/lib/python3.10/site-packages/cgsr1_pkg/basecontrol.py
/home/snowlar/SNOWLAR/install/cgsr1_pkg/lib/python3.10/site-packages/cgsr1_pkg/dummy_publisher.py
/home/snowlar/SNOWLAR/install/cgsr1_pkg/lib/python3.10/site-packages/cgsr1_pkg/calibration_node.py
/home/snowlar/SNOWLAR/install/cgsr1_pkg/lib/python3.10/site-packages/cgsr1_pkg/__init__.py
/home/snowlar/SNOWLAR/install/cgsr1_pkg/lib/python3.10/site-packages/cgsr1_pkg/brushtest.py
/home/snowlar/SNOWLAR/install/cgsr1_pkg/lib/python3.10/site-packages/cgsr1_pkg/computation.py
/home/snowlar/SNOWLAR/install/cgsr1_pkg/lib/python3.10/site-packages/cgsr1_pkg/winchcontrol.py
/home/snowlar/SNOWLAR/install/cgsr1_pkg/lib/python3.10/site-packages/cgsr1_pkg/web_interface.py
/home/snowlar/SNOWLAR/install/cgsr1_pkg/lib/python3.10/site-packages/cgsr1_pkg/automation.py
/home/snowlar/SNOWLAR/install/cgsr1_pkg/lib/python3.10/site-packages/cgsr1_pkg/straight_motion.py
/home/snowlar/SNOWLAR/install/cgsr1_pkg/lib/python3.10/site-packages/cgsr1_pkg/__pycache__/imucontrol.cpython-310.pyc
/home/snowlar/SNOWLAR/install/cgsr1_pkg/lib/python3.10/site-packages/cgsr1_pkg/__pycache__/counter_automation.cpython-310.pyc
/home/snowlar/SNOWLAR/install/cgsr1_pkg/lib/python3.10/site-packages/cgsr1_pkg/__pycache__/winch_feedback.cpython-310.pyc
/home/snowlar/SNOWLAR/install/cgsr1_pkg/lib/python3.10/site-packages/cgsr1_pkg/__pycache__/basecontrol.cpython-310.pyc
/home/snowlar/SNOWLAR/install/cgsr1_pkg/lib/python3.10/site-packages/cgsr1_pkg/__pycache__/dummy_publisher.cpython-310.pyc
/home/snowlar/SNOWLAR/install/cgsr1_pkg/lib/python3.10/site-packages/cgsr1_pkg/__pycache__/calibration_node.cpython-310.pyc
/home/snowlar/SNOWLAR/install/cgsr1_pkg/lib/python3.10/site-packages/cgsr1_pkg/__pycache__/__init__.cpython-310.pyc
/home/snowlar/SNOWLAR/install/cgsr1_pkg/lib/python3.10/site-packages/cgsr1_pkg/__pycache__/brushtest.cpython-310.pyc
/home/snowlar/SNOWLAR/install/cgsr1_pkg/lib/python3.10/site-packages/cgsr1_pkg/__pycache__/computation.cpython-310.pyc
/home/snowlar/SNOWLAR/install/cgsr1_pkg/lib/python3.10/site-packages/cgsr1_pkg/__pycache__/winchcontrol.cpython-310.pyc
/home/snowlar/SNOWLAR/install/cgsr1_pkg/lib/python3.10/site-packages/cgsr1_pkg/__pycache__/web_interface.cpython-310.pyc
/home/snowlar/SNOWLAR/install/cgsr1_pkg/lib/python3.10/site-packages/cgsr1_pkg/__pycache__/automation.cpython-310.pyc
/home/snowlar/SNOWLAR/install/cgsr1_pkg/lib/python3.10/site-packages/cgsr1_pkg/__pycache__/straight_motion.cpython-310.pyc
/home/snowlar/SNOWLAR/install/cgsr1_pkg/share/ament_index/resource_index/packages/cgsr1_pkg
/home/snowlar/SNOWLAR/install/cgsr1_pkg/share/cgsr1_pkg/package.xml
/home/snowlar/SNOWLAR/install/cgsr1_pkg/share/cgsr1_pkg/launch/xlaunch.py
/home/snowlar/SNOWLAR/install/cgsr1_pkg/lib/python3.10/site-packages/cgsr1_pkg-0.0.0-py3.10.egg-info/SOURCES.txt
/home/snowlar/SNOWLAR/install/cgsr1_pkg/lib/python3.10/site-packages/cgsr1_pkg-0.0.0-py3.10.egg-info/entry_points.txt
/home/snowlar/SNOWLAR/install/cgsr1_pkg/lib/python3.10/site-packages/cgsr1_pkg-0.0.0-py3.10.egg-info/zip-safe
/home/snowlar/SNOWLAR/install/cgsr1_pkg/lib/python3.10/site-packages/cgsr1_pkg-0.0.0-py3.10.egg-info/PKG-INFO
/home/snowlar/SNOWLAR/install/cgsr1_pkg/lib/python3.10/site-packages/cgsr1_pkg-0.0.0-py3.10.egg-info/top_level.txt
/home/snowlar/SNOWLAR/install/cgsr1_pkg/lib/python3.10/site-packages/cgsr1_pkg-0.0.0-py3.10.egg-info/dependency_links.txt
/home/snowlar/SNOWLAR/install/cgsr1_pkg/lib/python3.10/site-packages/cgsr1_pkg-0.0.0-py3.10.egg-info/requires.txt
/home/snowlar/SNOWLAR/install/cgsr1_pkg/lib/cgsr1_pkg/automation
/home/snowlar/SNOWLAR/install/cgsr1_pkg/lib/cgsr1_pkg/basecontrol
/home/snowlar/SNOWLAR/install/cgsr1_pkg/lib/cgsr1_pkg/brushtest
/home/snowlar/SNOWLAR/install/cgsr1_pkg/lib/cgsr1_pkg/calibration
/home/snowlar/SNOWLAR/install/cgsr1_pkg/lib/cgsr1_pkg/computation
/home/snowlar/SNOWLAR/install/cgsr1_pkg/lib/cgsr1_pkg/counter_automation
/home/snowlar/SNOWLAR/install/cgsr1_pkg/lib/cgsr1_pkg/dummy_publisher
/home/snowlar/SNOWLAR/install/cgsr1_pkg/lib/cgsr1_pkg/imucontrol
/home/snowlar/SNOWLAR/install/cgsr1_pkg/lib/cgsr1_pkg/imutobase
/home/snowlar/SNOWLAR/install/cgsr1_pkg/lib/cgsr1_pkg/joytobase
/home/snowlar/SNOWLAR/install/cgsr1_pkg/lib/cgsr1_pkg/straight_motion
/home/snowlar/SNOWLAR/install/cgsr1_pkg/lib/cgsr1_pkg/web_interface
/home/snowlar/SNOWLAR/install/cgsr1_pkg/lib/cgsr1_pkg/winch_feedback
/home/snowlar/SNOWLAR/install/cgsr1_pkg/lib/cgsr1_pkg/winchcontrol
