running egg_info
writing ../../build/cgsr1_pkg/cgsr1_pkg.egg-info/PKG-INFO
writing dependency_links to ../../build/cgsr1_pkg/cgsr1_pkg.egg-info/dependency_links.txt
writing entry points to ../../build/cgsr1_pkg/cgsr1_pkg.egg-info/entry_points.txt
writing requirements to ../../build/cgsr1_pkg/cgsr1_pkg.egg-info/requires.txt
writing top-level names to ../../build/cgsr1_pkg/cgsr1_pkg.egg-info/top_level.txt
reading manifest file '../../build/cgsr1_pkg/cgsr1_pkg.egg-info/SOURCES.txt'
writing manifest file '../../build/cgsr1_pkg/cgsr1_pkg.egg-info/SOURCES.txt'
running build
running build_py
copying cgsr1_pkg/web_interface.py -> /home/snowlar/snowlar_ws_v1/build/cgsr1_pkg/build/lib/cgsr1_pkg
running install
running install_lib
copying /home/snowlar/snowlar_ws_v1/build/cgsr1_pkg/build/lib/cgsr1_pkg/web_interface.py -> /home/snowlar/snowlar_ws_v1/install/cgsr1_pkg/lib/python3.10/site-packages/cgsr1_pkg
byte-compiling /home/snowlar/snowlar_ws_v1/install/cgsr1_pkg/lib/python3.10/site-packages/cgsr1_pkg/web_interface.py to web_interface.cpython-310.pyc
running install_data
running install_egg_info
removing '/home/snowlar/snowlar_ws_v1/install/cgsr1_pkg/lib/python3.10/site-packages/cgsr1_pkg-0.0.0-py3.10.egg-info' (and everything under it)
Copying ../../build/cgsr1_pkg/cgsr1_pkg.egg-info to /home/snowlar/snowlar_ws_v1/install/cgsr1_pkg/lib/python3.10/site-packages/cgsr1_pkg-0.0.0-py3.10.egg-info
running install_scripts
Installing imu_steering script to /home/snowlar/snowlar_ws_v1/install/cgsr1_pkg/lib/cgsr1_pkg
Installing joy_steering script to /home/snowlar/snowlar_ws_v1/install/cgsr1_pkg/lib/cgsr1_pkg
Installing tank_motion script to /home/snowlar/snowlar_ws_v1/install/cgsr1_pkg/lib/cgsr1_pkg
Installing web_interface script to /home/snowlar/snowlar_ws_v1/install/cgsr1_pkg/lib/cgsr1_pkg
writing list of installed files to '/home/snowlar/snowlar_ws_v1/build/cgsr1_pkg/install.log'
